<?xml version="1.0" encoding="UTF-8"?>
<!-- Generated by org.testng.reporters.JUnitReportReporter -->
<testsuite hostname="Кирилл-ПК" failures="0" tests="2" name="Hardcore.test.GoogleCloudTest" time="69.501" errors="0" timestamp="2021-11-02T17:01:35 MSK" skipped="0">
  <testcase classname="Hardcore.test.GoogleCloudTest" name="checkTotalCost" time="25.123"/>
  <system-out/>
  <testcase classname="Hardcore.test.GoogleCloudTest" name="fillInEstimationForm" time="44.378"/>
  <system-out/>
</testsuite> <!-- Hardcore.test.GoogleCloudTest -->
